Build started 01-Apr-19 11:22:10 AM.
     1>Project "C:\Users\Student\Desktop\Save That Cube - Copy (2)\Save That Cube\Save That Cube.vcxproj" on node 2 (build target(s)).
     1>InitializeBuildStatus:
         Creating "Debug\Save That Cube.unsuccessfulbuild" because "AlwaysCreate" was specified.
       ClCompile:
         C:\Program Files (x86)\Microsoft Visual Studio 10.0\VC\bin\CL.exe /c /ZI /nologo /W3 /WX- /Od /Oy- /D _MBCS /Gm /EHsc /RTC1 /MDd /GS /fp:precise /Zc:wchar_t /Zc:forScope /Fo"Debug\\" /Fd"Debug\vc100.pdb" /Gd /TP /analyze- /errorReport:prompt iMain.cpp
         iMain.cpp
     1>c:\users\student\desktop\save that cube - copy (2)\save that cube\imain.cpp(338): warning C4129: 'A' : unrecognized character escape sequence
     1>c:\users\student\desktop\save that cube - copy (2)\save that cube\imain.cpp(345): warning C4129: 'A' : unrecognized character escape sequence
     1>c:\users\student\desktop\save that cube - copy (2)\save that cube\imain.cpp(352): warning C4129: 'A' : unrecognized character escape sequence
     1>c:\users\student\desktop\save that cube - copy (2)\save that cube\imain.cpp(359): warning C4129: 'A' : unrecognized character escape sequence
     1>c:\users\student\desktop\save that cube - copy (2)\save that cube\imain.cpp(366): warning C4129: 'C' : unrecognized character escape sequence
     1>c:\users\student\desktop\save that cube - copy (2)\save that cube\imain.cpp(373): warning C4129: 'C' : unrecognized character escape sequence
     1>c:\users\student\desktop\save that cube - copy (2)\save that cube\imain.cpp(380): warning C4129: 'A' : unrecognized character escape sequence
       Link:
         C:\Program Files (x86)\Microsoft Visual Studio 10.0\VC\bin\link.exe /ERRORREPORT:PROMPT /OUT:"C:\Users\Student\Desktop\Save That Cube - Copy (2)\Debug\Save That Cube.exe" /NOLOGO kernel32.lib user32.lib gdi32.lib winspool.lib comdlg32.lib advapi32.lib shell32.lib ole32.lib oleaut32.lib uuid.lib odbc32.lib odbccp32.lib /MANIFEST /ManifestFile:"Debug\Save That Cube.exe.intermediate.manifest" /MANIFESTUAC:"level='asInvoker' uiAccess='false'" /DEBUG /PDB:"C:\Users\Student\Desktop\Save That Cube - Copy (2)\Debug\Save That Cube.pdb" /TLBID:1 /DYNAMICBASE /NXCOMPAT /IMPLIB:"C:\Users\Student\Desktop\Save That Cube - Copy (2)\Debug\Save That Cube.lib" /MACHINE:X86 Debug\iMain.obj
         LINK : C:\Users\Student\Desktop\Save That Cube - Copy (2)\Debug\Save That Cube.exe not found or not built by the last incremental link; performing full link
         Save That Cube.vcxproj -> C:\Users\Student\Desktop\Save That Cube - Copy (2)\Debug\Save That Cube.exe
       Manifest:
         C:\Program Files (x86)\Microsoft SDKs\Windows\v7.0A\bin\mt.exe /nologo /verbose /outputresource:"C:\Users\Student\Desktop\Save That Cube - Copy (2)\Debug\Save That Cube.exe;#1" /manifest "Debug\Save That Cube.exe.intermediate.manifest"
       FinalizeBuildStatus:
         Deleting file "Debug\Save That Cube.unsuccessfulbuild".
         Touching "Debug\Save That Cube.lastbuildstate".
     1>Done Building Project "C:\Users\Student\Desktop\Save That Cube - Copy (2)\Save That Cube\Save That Cube.vcxproj" (build target(s)).

Build succeeded.

Time Elapsed 00:00:05.07
